2020-04-17 01:40:03,088 | INFO: Params file loaded successfully. | __main__.utils.utils.py
2020-04-17 01:40:03,089 | INFO: Paths initialized successfully. | __main__.utils.utils.py
2020-04-17 01:40:04,656 | INFO: Data loaded successfully. | __main__.py
2020-04-17 01:40:04,659 | INFO: AUTOSAVE: True | __main__.py
2020-04-17 01:40:04,659 | INFO: Epochs: 100, lr: 0.001, batch_size: 64 | __main__.py
2020-04-17 01:41:43,056 | INFO: - Train metrics: accuracy: 1.635 ; loss: 0.604 | __main__.py
2020-04-17 01:41:43,056 | INFO: Epoch: 0 - Train Loss: 0.5987963514074535 | __main__.py
2020-04-17 01:43:22,111 | INFO: - Train metrics: accuracy: 1.629 ; loss: 0.484 | __main__.py
2020-04-17 01:43:22,112 | INFO: Epoch: 1 - Train Loss: 0.48249067093842846 | __main__.py
2020-04-17 01:45:22,325 | INFO: - Train metrics: accuracy: 1.570 ; loss: 0.402 | __main__.py
2020-04-17 01:45:22,326 | INFO: Epoch: 2 - Train Loss: 0.4001480957796407 | __main__.py
2020-04-17 01:47:01,858 | INFO: - Train metrics: accuracy: 1.551 ; loss: 0.345 | __main__.py
2020-04-17 01:47:01,858 | INFO: Epoch: 3 - Train Loss: 0.34765265154284103 | __main__.py
2020-04-17 01:48:44,363 | INFO: - Train metrics: accuracy: 1.598 ; loss: 0.309 | __main__.py
2020-04-17 01:48:44,364 | INFO: Epoch: 4 - Train Loss: 0.30974779136949204 | __main__.py
2020-04-17 01:50:24,974 | INFO: - Train metrics: accuracy: 1.680 ; loss: 0.282 | __main__.py
2020-04-17 01:50:24,975 | INFO: Epoch: 5 - Train Loss: 0.2798870187067114 | __main__.py
2020-04-17 01:52:03,776 | INFO: - Train metrics: accuracy: 1.705 ; loss: 0.258 | __main__.py
2020-04-17 01:52:03,776 | INFO: Epoch: 6 - Train Loss: 0.2567851130055431 | __main__.py
2020-04-17 01:53:35,939 | INFO: - Train metrics: accuracy: 1.627 ; loss: 0.237 | __main__.py
2020-04-17 01:53:35,939 | INFO: Epoch: 7 - Train Loss: 0.23814075546605246 | __main__.py
2020-04-17 01:55:08,705 | INFO: - Train metrics: accuracy: 1.667 ; loss: 0.224 | __main__.py
2020-04-17 01:55:08,706 | INFO: Epoch: 8 - Train Loss: 0.22305443665117916 | __main__.py
2020-04-17 01:56:41,659 | INFO: - Train metrics: accuracy: 1.710 ; loss: 0.214 | __main__.py
2020-04-17 01:56:41,660 | INFO: Epoch: 9 - Train Loss: 0.21100328149787612 | __main__.py
2020-04-17 01:58:13,519 | INFO: - Train metrics: accuracy: 1.696 ; loss: 0.203 | __main__.py
2020-04-17 01:58:13,520 | INFO: Epoch: 10 - Train Loss: 0.20124959559535663 | __main__.py
2020-04-17 01:59:45,251 | INFO: - Train metrics: accuracy: 1.675 ; loss: 0.195 | __main__.py
2020-04-17 01:59:45,252 | INFO: Epoch: 11 - Train Loss: 0.1936672180891037 | __main__.py
2020-04-17 02:01:17,601 | INFO: - Train metrics: accuracy: 1.646 ; loss: 0.188 | __main__.py
2020-04-17 02:01:17,602 | INFO: Epoch: 12 - Train Loss: 0.18705385408528225 | __main__.py
2020-04-17 02:02:52,376 | INFO: - Train metrics: accuracy: 1.628 ; loss: 0.180 | __main__.py
2020-04-17 02:02:52,376 | INFO: Epoch: 13 - Train Loss: 0.18270841805245788 | __main__.py
2020-04-17 02:04:23,980 | INFO: - Train metrics: accuracy: 1.663 ; loss: 0.178 | __main__.py
2020-04-17 02:04:23,980 | INFO: Epoch: 14 - Train Loss: 0.1790156123844096 | __main__.py
2020-04-17 02:05:56,755 | INFO: - Train metrics: accuracy: 1.661 ; loss: 0.177 | __main__.py
2020-04-17 02:05:56,755 | INFO: Epoch: 15 - Train Loss: 0.17600693234375545 | __main__.py
2020-04-17 02:07:29,103 | INFO: - Train metrics: accuracy: 1.647 ; loss: 0.173 | __main__.py
2020-04-17 02:07:29,104 | INFO: Epoch: 16 - Train Loss: 0.17387786968007832 | __main__.py
2020-04-17 02:09:01,317 | INFO: - Train metrics: accuracy: 1.700 ; loss: 0.175 | __main__.py
2020-04-17 02:09:01,317 | INFO: Epoch: 17 - Train Loss: 0.17195200989412707 | __main__.py
2020-04-17 02:10:33,580 | INFO: - Train metrics: accuracy: 1.667 ; loss: 0.172 | __main__.py
2020-04-17 02:10:33,580 | INFO: Epoch: 18 - Train Loss: 0.1699574806563482 | __main__.py
2020-04-17 02:12:05,501 | INFO: - Train metrics: accuracy: 1.612 ; loss: 0.164 | __main__.py
2020-04-17 02:12:05,502 | INFO: Epoch: 19 - Train Loss: 0.1672370085783575 | __main__.py
2020-04-17 02:13:37,214 | INFO: - Train metrics: accuracy: 1.657 ; loss: 0.166 | __main__.py
2020-04-17 02:13:37,214 | INFO: Epoch: 20 - Train Loss: 0.16612170616851693 | __main__.py
2020-04-17 02:15:09,170 | INFO: - Train metrics: accuracy: 1.661 ; loss: 0.166 | __main__.py
2020-04-17 02:15:09,170 | INFO: Epoch: 21 - Train Loss: 0.16548788666329114 | __main__.py
2020-04-17 02:16:45,091 | INFO: - Train metrics: accuracy: 1.755 ; loss: 0.171 | __main__.py
2020-04-17 02:16:45,091 | INFO: Epoch: 22 - Train Loss: 0.16499204686115745 | __main__.py
2020-04-17 02:18:17,321 | INFO: - Train metrics: accuracy: 1.707 ; loss: 0.169 | __main__.py
2020-04-17 02:18:17,322 | INFO: Epoch: 23 - Train Loss: 0.1645413334187479 | __main__.py
2020-04-17 02:19:49,587 | INFO: - Train metrics: accuracy: 1.643 ; loss: 0.163 | __main__.py
2020-04-17 02:19:49,588 | INFO: Epoch: 24 - Train Loss: 0.16441958355547187 | __main__.py
2020-04-17 02:21:20,982 | INFO: - Train metrics: accuracy: 1.671 ; loss: 0.164 | __main__.py
2020-04-17 02:21:20,982 | INFO: Epoch: 25 - Train Loss: 0.1642497252685287 | __main__.py
2020-04-17 02:22:53,515 | INFO: - Train metrics: accuracy: 1.759 ; loss: 0.175 | __main__.py
2020-04-17 02:22:53,516 | INFO: Epoch: 26 - Train Loss: 0.16419676243268772 | __main__.py
2020-04-17 02:24:23,978 | INFO: - Train metrics: accuracy: 1.648 ; loss: 0.166 | __main__.py
2020-04-17 02:24:23,978 | INFO: Epoch: 27 - Train Loss: 0.16412544433658702 | __main__.py
2020-04-17 02:25:54,730 | INFO: - Train metrics: accuracy: 1.640 ; loss: 0.163 | __main__.py
2020-04-17 02:25:54,730 | INFO: Epoch: 28 - Train Loss: 0.16379351884225674 | __main__.py
2020-04-17 02:27:25,052 | INFO: - Train metrics: accuracy: 1.708 ; loss: 0.162 | __main__.py
2020-04-17 02:27:25,053 | INFO: Epoch: 29 - Train Loss: 0.1633198367202797 | __main__.py
2020-04-17 02:28:55,605 | INFO: - Train metrics: accuracy: 1.617 ; loss: 0.159 | __main__.py
2020-04-17 02:28:55,606 | INFO: Epoch: 30 - Train Loss: 0.1634070035627118 | __main__.py
2020-04-17 02:30:26,755 | INFO: - Train metrics: accuracy: 1.707 ; loss: 0.166 | __main__.py
2020-04-17 02:30:26,756 | INFO: Epoch: 31 - Train Loss: 0.163264744454048 | __main__.py
2020-04-17 02:31:57,189 | INFO: - Train metrics: accuracy: 1.608 ; loss: 0.156 | __main__.py
2020-04-17 02:31:57,189 | INFO: Epoch: 32 - Train Loss: 0.16324702118124282 | __main__.py
2020-04-17 02:33:27,837 | INFO: - Train metrics: accuracy: 1.604 ; loss: 0.159 | __main__.py
2020-04-17 02:33:27,837 | INFO: Epoch: 33 - Train Loss: 0.16309602187321431 | __main__.py
2020-04-17 02:34:58,616 | INFO: - Train metrics: accuracy: 1.561 ; loss: 0.155 | __main__.py
2020-04-17 02:34:58,617 | INFO: Epoch: 34 - Train Loss: 0.1632682837521119 | __main__.py
2020-04-17 02:36:28,744 | INFO: - Train metrics: accuracy: 1.704 ; loss: 0.164 | __main__.py
2020-04-17 02:36:28,744 | INFO: Epoch: 35 - Train Loss: 0.16310870875155806 | __main__.py
2020-04-17 02:37:59,117 | INFO: - Train metrics: accuracy: 1.633 ; loss: 0.163 | __main__.py
2020-04-17 02:37:59,118 | INFO: Epoch: 36 - Train Loss: 0.16292028510293297 | __main__.py
2020-04-17 02:39:29,263 | INFO: - Train metrics: accuracy: 1.626 ; loss: 0.158 | __main__.py
2020-04-17 02:39:29,263 | INFO: Epoch: 37 - Train Loss: 0.16296694207429094 | __main__.py
2020-04-17 02:40:59,269 | INFO: - Train metrics: accuracy: 1.714 ; loss: 0.164 | __main__.py
2020-04-17 02:40:59,269 | INFO: Epoch: 38 - Train Loss: 0.1627805554787582 | __main__.py
2020-04-17 02:42:32,633 | INFO: - Train metrics: accuracy: 1.658 ; loss: 0.164 | __main__.py
2020-04-17 02:42:32,634 | INFO: Epoch: 39 - Train Loss: 0.16283444466186917 | __main__.py
2020-04-17 02:44:04,790 | INFO: - Train metrics: accuracy: 1.651 ; loss: 0.162 | __main__.py
2020-04-17 02:44:04,790 | INFO: Epoch: 40 - Train Loss: 0.16152254682640696 | __main__.py
2020-04-17 02:45:34,812 | INFO: - Train metrics: accuracy: 1.665 ; loss: 0.163 | __main__.py
2020-04-17 02:45:34,812 | INFO: Epoch: 41 - Train Loss: 0.16050279095917444 | __main__.py
2020-04-17 02:47:11,368 | INFO: - Train metrics: accuracy: 1.748 ; loss: 0.167 | __main__.py
2020-04-17 02:47:11,368 | INFO: Epoch: 42 - Train Loss: 0.1602590346455178 | __main__.py
2020-04-17 02:48:42,385 | INFO: - Train metrics: accuracy: 1.642 ; loss: 0.160 | __main__.py
2020-04-17 02:48:42,386 | INFO: Epoch: 43 - Train Loss: 0.15989124522454715 | __main__.py
2020-04-17 02:50:12,715 | INFO: - Train metrics: accuracy: 1.619 ; loss: 0.156 | __main__.py
2020-04-17 02:50:12,715 | INFO: Epoch: 44 - Train Loss: 0.15779413753173677 | __main__.py
2020-04-17 02:51:42,731 | INFO: - Train metrics: accuracy: 1.676 ; loss: 0.154 | __main__.py
2020-04-17 02:51:42,732 | INFO: Epoch: 45 - Train Loss: 0.1571286076624132 | __main__.py
2020-04-17 02:53:13,604 | INFO: - Train metrics: accuracy: 1.677 ; loss: 0.159 | __main__.py
2020-04-17 02:53:13,604 | INFO: Epoch: 46 - Train Loss: 0.15684788651838652 | __main__.py
2020-04-17 02:54:44,787 | INFO: - Train metrics: accuracy: 1.725 ; loss: 0.161 | __main__.py
2020-04-17 02:54:44,787 | INFO: Epoch: 47 - Train Loss: 0.1566152300846537 | __main__.py
2020-04-17 02:56:15,202 | INFO: - Train metrics: accuracy: 1.624 ; loss: 0.154 | __main__.py
2020-04-17 02:56:15,202 | INFO: Epoch: 48 - Train Loss: 0.15654897259121323 | __main__.py
2020-04-17 02:57:45,563 | INFO: - Train metrics: accuracy: 1.674 ; loss: 0.158 | __main__.py
2020-04-17 02:57:45,563 | INFO: Epoch: 49 - Train Loss: 0.15653529228562135 | __main__.py
2020-04-17 02:59:15,951 | INFO: - Train metrics: accuracy: 1.706 ; loss: 0.160 | __main__.py
2020-04-17 02:59:15,951 | INFO: Epoch: 50 - Train Loss: 0.15540765008063015 | __main__.py
2020-04-17 03:00:46,283 | INFO: - Train metrics: accuracy: 1.677 ; loss: 0.156 | __main__.py
2020-04-17 03:00:46,284 | INFO: Epoch: 51 - Train Loss: 0.15449531663493857 | __main__.py
2020-04-17 03:02:16,837 | INFO: - Train metrics: accuracy: 1.641 ; loss: 0.154 | __main__.py
2020-04-17 03:02:16,837 | INFO: Epoch: 52 - Train Loss: 0.15405671635141405 | __main__.py
2020-04-17 03:03:47,164 | INFO: - Train metrics: accuracy: 1.681 ; loss: 0.152 | __main__.py
2020-04-17 03:03:47,165 | INFO: Epoch: 53 - Train Loss: 0.15363689415478626 | __main__.py
2020-04-17 03:05:17,584 | INFO: - Train metrics: accuracy: 1.633 ; loss: 0.151 | __main__.py
2020-04-17 03:05:17,584 | INFO: Epoch: 54 - Train Loss: 0.1537396681566175 | __main__.py
2020-04-17 03:06:47,887 | INFO: - Train metrics: accuracy: 1.654 ; loss: 0.154 | __main__.py
2020-04-17 03:06:47,888 | INFO: Epoch: 55 - Train Loss: 0.15354666504947054 | __main__.py
2020-04-17 03:08:18,542 | INFO: - Train metrics: accuracy: 1.651 ; loss: 0.151 | __main__.py
2020-04-17 03:08:18,543 | INFO: Epoch: 56 - Train Loss: 0.15350424149305716 | __main__.py
2020-04-17 03:09:49,448 | INFO: - Train metrics: accuracy: 1.669 ; loss: 0.155 | __main__.py
2020-04-17 03:09:49,448 | INFO: Epoch: 57 - Train Loss: 0.15328370772326905 | __main__.py
2020-04-17 03:11:19,945 | INFO: - Train metrics: accuracy: 1.699 ; loss: 0.152 | __main__.py
2020-04-17 03:11:19,945 | INFO: Epoch: 58 - Train Loss: 0.1527415133294869 | __main__.py
2020-04-17 03:12:51,252 | INFO: - Train metrics: accuracy: 1.692 ; loss: 0.155 | __main__.py
2020-04-17 03:12:51,253 | INFO: Epoch: 59 - Train Loss: 0.15255484544359568 | __main__.py
2020-04-17 03:14:21,845 | INFO: - Train metrics: accuracy: 1.601 ; loss: 0.147 | __main__.py
2020-04-17 03:14:21,846 | INFO: Epoch: 60 - Train Loss: 0.15266832585548643 | __main__.py
2020-04-17 03:15:53,031 | INFO: - Train metrics: accuracy: 1.654 ; loss: 0.153 | __main__.py
2020-04-17 03:15:53,031 | INFO: Epoch: 61 - Train Loss: 0.15235765407053736 | __main__.py
2020-04-17 03:17:27,563 | INFO: - Train metrics: accuracy: 1.673 ; loss: 0.152 | __main__.py
2020-04-17 03:17:27,563 | INFO: Epoch: 62 - Train Loss: 0.15099533877499477 | __main__.py
2020-04-17 03:18:57,865 | INFO: - Train metrics: accuracy: 1.611 ; loss: 0.149 | __main__.py
2020-04-17 03:18:57,865 | INFO: Epoch: 63 - Train Loss: 0.1507898648315886 | __main__.py
2020-04-17 03:20:28,365 | INFO: - Train metrics: accuracy: 1.640 ; loss: 0.151 | __main__.py
2020-04-17 03:20:28,366 | INFO: Epoch: 64 - Train Loss: 0.15066594227009833 | __main__.py
2020-04-17 03:21:58,652 | INFO: - Train metrics: accuracy: 1.608 ; loss: 0.148 | __main__.py
2020-04-17 03:21:58,652 | INFO: Epoch: 65 - Train Loss: 0.15044216668090948 | __main__.py
2020-04-17 03:23:29,638 | INFO: - Train metrics: accuracy: 1.682 ; loss: 0.155 | __main__.py
2020-04-17 03:23:29,639 | INFO: Epoch: 66 - Train Loss: 0.15021818490123431 | __main__.py
2020-04-17 03:25:00,226 | INFO: - Train metrics: accuracy: 1.667 ; loss: 0.151 | __main__.py
2020-04-17 03:25:00,227 | INFO: Epoch: 67 - Train Loss: 0.15001954311548277 | __main__.py
2020-04-17 03:26:30,569 | INFO: - Train metrics: accuracy: 1.674 ; loss: 0.147 | __main__.py
2020-04-17 03:26:30,570 | INFO: Epoch: 68 - Train Loss: 0.14986306943766697 | __main__.py
2020-04-17 03:28:01,741 | INFO: - Train metrics: accuracy: 1.737 ; loss: 0.157 | __main__.py
2020-04-17 03:28:01,741 | INFO: Epoch: 69 - Train Loss: 0.14965761648460085 | __main__.py
2020-04-17 03:29:32,224 | INFO: - Train metrics: accuracy: 1.751 ; loss: 0.157 | __main__.py
2020-04-17 03:29:32,225 | INFO: Epoch: 70 - Train Loss: 0.14952110061019758 | __main__.py
2020-04-17 03:31:03,000 | INFO: - Train metrics: accuracy: 1.702 ; loss: 0.152 | __main__.py
2020-04-17 03:31:03,000 | INFO: Epoch: 71 - Train Loss: 0.1493147716569742 | __main__.py
2020-04-17 03:32:33,784 | INFO: - Train metrics: accuracy: 1.670 ; loss: 0.151 | __main__.py
2020-04-17 03:32:33,785 | INFO: Epoch: 72 - Train Loss: 0.14914665393457063 | __main__.py
2020-04-17 03:34:04,131 | INFO: - Train metrics: accuracy: 1.712 ; loss: 0.153 | __main__.py
2020-04-17 03:34:04,131 | INFO: Epoch: 73 - Train Loss: 0.14897176969883053 | __main__.py
2020-04-17 03:35:34,096 | INFO: - Train metrics: accuracy: 1.610 ; loss: 0.146 | __main__.py
2020-04-17 03:35:34,096 | INFO: Epoch: 74 - Train Loss: 0.1490276991528926 | __main__.py
2020-04-17 03:37:04,518 | INFO: - Train metrics: accuracy: 1.740 ; loss: 0.153 | __main__.py
2020-04-17 03:37:04,518 | INFO: Epoch: 75 - Train Loss: 0.14892446073978843 | __main__.py
2020-04-17 03:38:34,927 | INFO: - Train metrics: accuracy: 1.671 ; loss: 0.147 | __main__.py
2020-04-17 03:38:34,928 | INFO: Epoch: 76 - Train Loss: 0.14880315538656672 | __main__.py
2020-04-17 03:40:05,311 | INFO: - Train metrics: accuracy: 1.633 ; loss: 0.144 | __main__.py
2020-04-17 03:40:05,312 | INFO: Epoch: 77 - Train Loss: 0.14847515280856644 | __main__.py
2020-04-17 03:41:35,416 | INFO: - Train metrics: accuracy: 1.725 ; loss: 0.154 | __main__.py
2020-04-17 03:41:35,416 | INFO: Epoch: 78 - Train Loss: 0.14844769803788574 | __main__.py
2020-04-17 03:43:14,811 | INFO: - Train metrics: accuracy: 1.670 ; loss: 0.150 | __main__.py
2020-04-17 03:43:14,812 | INFO: Epoch: 79 - Train Loss: 0.14822930587684593 | __main__.py
2020-04-17 03:44:49,236 | INFO: - Train metrics: accuracy: 1.653 ; loss: 0.150 | __main__.py
2020-04-17 03:44:49,236 | INFO: Epoch: 80 - Train Loss: 0.14818942611201658 | __main__.py
2020-04-17 03:46:20,930 | INFO: - Train metrics: accuracy: 1.653 ; loss: 0.148 | __main__.py
2020-04-17 03:46:20,930 | INFO: Epoch: 81 - Train Loss: 0.14813405547625202 | __main__.py
2020-04-17 03:47:51,478 | INFO: - Train metrics: accuracy: 1.701 ; loss: 0.152 | __main__.py
2020-04-17 03:47:51,479 | INFO: Epoch: 82 - Train Loss: 0.14805437871982094 | __main__.py
2020-04-17 03:49:21,759 | INFO: - Train metrics: accuracy: 1.595 ; loss: 0.143 | __main__.py
2020-04-17 03:49:21,759 | INFO: Epoch: 83 - Train Loss: 0.1480606930992532 | __main__.py
2020-04-17 03:50:52,162 | INFO: - Train metrics: accuracy: 1.629 ; loss: 0.145 | __main__.py
2020-04-17 03:50:52,163 | INFO: Epoch: 84 - Train Loss: 0.14772363749651418 | __main__.py
2020-04-17 03:52:22,648 | INFO: - Train metrics: accuracy: 1.597 ; loss: 0.142 | __main__.py
2020-04-17 03:52:22,648 | INFO: Epoch: 85 - Train Loss: 0.14785099683013866 | __main__.py
2020-04-17 03:53:53,155 | INFO: - Train metrics: accuracy: 1.685 ; loss: 0.150 | __main__.py
2020-04-17 03:53:53,155 | INFO: Epoch: 86 - Train Loss: 0.14763535885913823 | __main__.py
2020-04-17 03:55:23,802 | INFO: - Train metrics: accuracy: 1.563 ; loss: 0.142 | __main__.py
2020-04-17 03:55:23,802 | INFO: Epoch: 87 - Train Loss: 0.147687470497087 | __main__.py
2020-04-17 03:56:54,537 | INFO: - Train metrics: accuracy: 1.683 ; loss: 0.150 | __main__.py
2020-04-17 03:56:54,537 | INFO: Epoch: 88 - Train Loss: 0.14768755624064575 | __main__.py
2020-04-17 03:58:24,625 | INFO: - Train metrics: accuracy: 1.660 ; loss: 0.146 | __main__.py
2020-04-17 03:58:24,625 | INFO: Epoch: 89 - Train Loss: 0.14758890292969257 | __main__.py
2020-04-17 03:59:55,265 | INFO: - Train metrics: accuracy: 1.710 ; loss: 0.152 | __main__.py
2020-04-17 03:59:55,265 | INFO: Epoch: 90 - Train Loss: 0.14742158848383893 | __main__.py
2020-04-17 04:01:25,977 | INFO: - Train metrics: accuracy: 1.778 ; loss: 0.156 | __main__.py
2020-04-17 04:01:25,977 | INFO: Epoch: 91 - Train Loss: 0.1474586807909202 | __main__.py
2020-04-17 04:02:56,423 | INFO: - Train metrics: accuracy: 1.623 ; loss: 0.142 | __main__.py
2020-04-17 04:02:56,423 | INFO: Epoch: 92 - Train Loss: 0.14744306699778154 | __main__.py
2020-04-17 04:04:27,257 | INFO: - Train metrics: accuracy: 1.649 ; loss: 0.146 | __main__.py
2020-04-17 04:04:27,257 | INFO: Epoch: 93 - Train Loss: 0.1473031117769571 | __main__.py
2020-04-17 04:05:57,580 | INFO: - Train metrics: accuracy: 1.677 ; loss: 0.149 | __main__.py
2020-04-17 04:05:57,581 | INFO: Epoch: 94 - Train Loss: 0.1472868315900283 | __main__.py
2020-04-17 04:07:27,908 | INFO: - Train metrics: accuracy: 1.717 ; loss: 0.152 | __main__.py
2020-04-17 04:07:27,909 | INFO: Epoch: 95 - Train Loss: 0.14727071977136935 | __main__.py
2020-04-17 04:08:58,181 | INFO: - Train metrics: accuracy: 1.687 ; loss: 0.150 | __main__.py
2020-04-17 04:08:58,182 | INFO: Epoch: 96 - Train Loss: 0.14714858124026428 | __main__.py
2020-04-17 04:10:28,461 | INFO: - Train metrics: accuracy: 1.653 ; loss: 0.144 | __main__.py
2020-04-17 04:10:28,462 | INFO: Epoch: 97 - Train Loss: 0.14695266102041518 | __main__.py
2020-04-17 04:11:59,399 | INFO: - Train metrics: accuracy: 1.595 ; loss: 0.146 | __main__.py
2020-04-17 04:11:59,399 | INFO: Epoch: 98 - Train Loss: 0.14697071172272247 | __main__.py
2020-04-17 04:13:30,118 | INFO: - Train metrics: accuracy: 1.725 ; loss: 0.151 | __main__.py
2020-04-17 04:13:30,118 | INFO: Epoch: 99 - Train Loss: 0.1469181122078848 | __main__.py
2020-04-17 14:23:40,919 | INFO: Params file loaded successfully. | __main__.utils.utils.py
2020-04-17 14:24:30,567 | INFO: Params file loaded successfully. | __main__.utils.utils.py
2020-04-17 14:24:30,567 | INFO: AUTOSAVE: True | __main__.utils.utils.py
2020-04-17 14:24:30,568 | INFO: Paths initialized successfully. | __main__.utils.utils.py
2020-04-17 14:24:32,688 | INFO: Data loaded successfully. | __main__.py
2020-04-17 14:24:32,739 | INFO: Looking for saved files... | __main__.utils.utils.py
2020-04-17 14:24:32,755 | INFO: Weights found. | __main__.utils.utils.py
2020-04-17 14:24:32,776 | INFO: Loading saved weights complete. | __main__.utils.utils.py
2020-04-17 14:24:32,778 | INFO: Epochs: 100, lr: 0.001, batch_size: 64 | __main__.py
